TN:
SF:src/lib/ghost.ts
FN:34,getPosts
FN:53,getPostBySlug
FN:72,getDummyPosts
FNF:3
FNH:3
FNDA:4,getPosts
FNDA:6,getPostBySlug
FNDA:6,getDummyPosts
DA:1,1
DA:2,1
DA:3,1
DA:4,1
DA:5,1
DA:6,1
DA:7,1
DA:8,1
DA:9,1
DA:10,1
DA:11,1
DA:12,1
DA:13,1
DA:14,1
DA:15,1
DA:16,1
DA:17,1
DA:18,1
DA:19,1
DA:20,1
DA:21,1
DA:22,1
DA:23,1
DA:24,1
DA:25,1
DA:26,1
DA:27,1
DA:28,1
DA:29,1
DA:30,1
DA:31,1
DA:32,1
DA:33,1
DA:34,1
DA:35,4
DA:36,4
DA:37,4
DA:38,4
DA:39,3
DA:40,4
DA:41,1
DA:42,1
DA:43,1
DA:44,2
DA:45,2
DA:46,2
DA:47,4
DA:48,1
DA:49,1
DA:50,1
DA:51,4
DA:52,1
DA:53,1
DA:54,6
DA:55,6
DA:56,6
DA:57,6
DA:58,4
DA:59,6
DA:60,2
DA:61,2
DA:62,2
DA:63,2
DA:64,6
DA:65,6
DA:66,2
DA:67,2
DA:68,2
DA:69,6
DA:70,1
DA:71,1
DA:72,6
DA:73,6
DA:74,6
DA:75,6
DA:76,6
DA:77,6
DA:78,6
DA:79,6
DA:80,6
DA:81,6
DA:82,6
DA:83,6
DA:84,6
DA:85,6
DA:86,6
DA:87,6
DA:88,6
DA:89,6
DA:90,6
DA:91,6
DA:92,6
DA:93,6
DA:94,6
DA:95,6
DA:96,6
DA:97,6
DA:98,6
DA:99,6
DA:100,6
DA:101,6
DA:102,6
DA:103,6
DA:104,6
DA:105,6
DA:106,6
DA:107,6
DA:108,6
LF:108
LH:108
BRDA:1,0,0,1
BRDA:7,1,0,0
BRDA:8,2,0,0
BRDA:34,3,0,4
BRDA:39,4,0,3
BRDA:40,5,0,1
BRDA:44,6,0,2
BRDA:47,7,0,1
BRDA:53,8,0,6
BRDA:58,9,0,4
BRDA:59,10,0,2
BRDA:60,11,0,1
BRDA:64,12,0,1
BRDA:65,13,0,2
BRDA:67,14,0,1
BRDA:60,15,0,5
BRDA:67,16,0,4
BRDA:72,17,0,6
BRF:18
BRH:16
end_of_record
